GrupoK

FIXED
## GrupoK tests ## |tests/e1/2022_2/entrada_031
## GrupoK tests ## |
## GrupoK tests ## |Vou executar o comando 'timeout 1 ./etapa1 < tests/e1/2022_2/entrada_031 > /tmp/tmp.A09dtUw7TL'
## GrupoK tests ## |Result tests/e1/2022_2/entrada_031 0 1
## GrupoK tests ## |Gerado
## GrupoK tests ## |<Token inválido com o código 91>
## GrupoK tests ## |Esperado
## GrupoK tests ## |1 TK_ERRO [[]

FIXED
## GrupoK tests ## |tests/e1/2022_2/entrada_032
## GrupoK tests ## |
## GrupoK tests ## |Vou executar o comando 'timeout 1 ./etapa1 < tests/e1/2022_2/entrada_032 > /tmp/tmp.PBGjkOUsTr'
## GrupoK tests ## |Result tests/e1/2022_2/entrada_032 0 1
## GrupoK tests ## |Gerado
## GrupoK tests ## |<Token inválido com o código 93>
## GrupoK tests ## |Esperado
## GrupoK tests ## |1 TK_ERRO []]


## GrupoK tests ## |tests/e1/2022_2/entrada_043
## GrupoK tests ## |
## GrupoK tests ## |Vou executar o comando 'timeout 1 ./etapa1 < tests/e1/2022_2/entrada_043 > /tmp/tmp.eDsz3VdVLH'
## GrupoK tests ## |Result tests/e1/2022_2/entrada_043 0 1
## GrupoK tests ## |Gerado
## GrupoK tests ## |<Token inválido com o código 38>
## GrupoK tests ## |Esperado
## GrupoK tests ## |1 TK_ERRO [&]


## GrupoK tests ## |tests/e1/2022_2/entrada_044
## GrupoK tests ## |
## GrupoK tests ## |Vou executar o comando 'timeout 1 ./etapa1 < tests/e1/2022_2/entrada_044 > /tmp/tmp.6QvsCbxmOr'
## GrupoK tests ## |Result tests/e1/2022_2/entrada_044 0 1
## GrupoK tests ## |Gerado
## GrupoK tests ## |<Token inválido com o código 46>
## GrupoK tests ## |Esperado
## GrupoK tests ## |1 TK_ERRO [.]


## GrupoK tests ## |tests/e1/2022_2/entrada_046
## GrupoK tests ## |
## GrupoK tests ## |Vou executar o comando 'timeout 1 ./etapa1 < tests/e1/2022_2/entrada_046 > /tmp/tmp.N4cuAXrJsj'
## GrupoK tests ## |Result tests/e1/2022_2/entrada_046 0 1
## GrupoK tests ## |Gerado
## GrupoK tests ## |<Token inválido com o código 35>
## GrupoK tests ## |Esperado
## GrupoK tests ## |1 TK_ERRO [#]


## GrupoK tests ## |tests/e1/2022_2/entrada_058
## GrupoK tests ## |
## GrupoK tests ## |Vou executar o comando 'timeout 1 ./etapa1 < tests/e1/2022_2/entrada_058 > /tmp/tmp.PCdLtjjvtZ'
## GrupoK tests ## |Result tests/e1/2022_2/entrada_058 0 1
## GrupoK tests ## |Gerado
## GrupoK tests ## |1 TK_IDENTIFICADOR [_id]
## GrupoK tests ## |Esperado
## GrupoK tests ## |1 TK_ERRO [_]


## GrupoK tests ## |tests/e1/2022_2/entrada_059
## GrupoK tests ## |
## GrupoK tests ## |Vou executar o comando 'timeout 1 ./etapa1 < tests/e1/2022_2/entrada_059 > /tmp/tmp.X9KRj0x9Df'
## GrupoK tests ## |Result tests/e1/2022_2/entrada_059 0 1
## GrupoK tests ## |Gerado
## GrupoK tests ## |1 TK_IDENTIFICADOR [_ID]
## GrupoK tests ## |Esperado
## GrupoK tests ## |1 TK_ERRO [_]


## GrupoK tests ## |tests/e1/2022_2/entrada_060
## GrupoK tests ## |
## GrupoK tests ## |Vou executar o comando 'timeout 1 ./etapa1 < tests/e1/2022_2/entrada_060 > /tmp/tmp.qzlnxgZe2L'
## GrupoK tests ## |Result tests/e1/2022_2/entrada_060 0 1
## GrupoK tests ## |Gerado
## GrupoK tests ## |1 TK_IDENTIFICADOR [_01]
## GrupoK tests ## |Esperado
## GrupoK tests ## |1 TK_ERRO [_]


## GrupoK tests ## |tests/e1/2022_2/entrada_065
## GrupoK tests ## |
## GrupoK tests ## |Vou executar o comando 'timeout 1 ./etapa1 < tests/e1/2022_2/entrada_065 > /tmp/tmp.9kRnFveGqH'
## GrupoK tests ## |Result tests/e1/2022_2/entrada_065 0 1
## GrupoK tests ## |Gerado
## GrupoK tests ## |1 TK_ESPECIAL [-]
## GrupoK tests ## |1 TK_LIT_FLOAT [12.34]
## GrupoK tests ## |Esperado
## GrupoK tests ## |1 TK_LIT_FLOAT [-12.34]



## GrupoK tests ## |tests/e1/2022_2/entrada_066
## GrupoK tests ## |
## GrupoK tests ## |Vou executar o comando 'timeout 1 ./etapa1 < tests/e1/2022_2/entrada_066 > /tmp/tmp.lblhwWvhV3'
## GrupoK tests ## |Result tests/e1/2022_2/entrada_066 0 1
## GrupoK tests ## |Gerado
## GrupoK tests ## |1 TK_ESPECIAL [+]
## GrupoK tests ## |1 TK_LIT_FLOAT [12.34]
## GrupoK tests ## |Esperado
## GrupoK tests ## |1 TK_LIT_FLOAT [+12.34]


## GrupoK tests ## |tests/e1/2022_2/entrada_072
## GrupoK tests ## |
## GrupoK tests ## |Vou executar o comando 'timeout 1 ./etapa1 < tests/e1/2022_2/entrada_072 > /tmp/tmp.lB07CsWRJe'
## GrupoK tests ## |Result tests/e1/2022_2/entrada_072 0 1
## GrupoK tests ## |Gerado
## GrupoK tests ## |<Token inválido com o código 34>
## GrupoK tests ## |Esperado
## GrupoK tests ## |1 TK_ERRO ["]



## GrupoK tests ## |tests/e1/2022_2/entrada_073
## GrupoK tests ## |
## GrupoK tests ## |Vou executar o comando 'timeout 1 ./etapa1 < tests/e1/2022_2/entrada_073 > /tmp/tmp.AlwZpEdCKO'
## GrupoK tests ## |Result tests/e1/2022_2/entrada_073 0 1
## GrupoK tests ## |Gerado
## GrupoK tests ## |<Token inválido com o código 34>
## GrupoK tests ## |Esperado
## GrupoK tests ## |1 TK_ERRO ["]


## GrupoK tests ## |tests/e1/2022_2/entrada_075
## GrupoK tests ## |
## GrupoK tests ## |Vou executar o comando 'timeout 1 ./etapa1 < tests/e1/2022_2/entrada_075 > /tmp/tmp.IpSjDMWNEP'
## GrupoK tests ## |Result tests/e1/2022_2/entrada_075 0 1
## GrupoK tests ## |Gerado
## GrupoK tests ## |<Token inválido com o código 49>
## GrupoK tests ## |Esperado
## GrupoK tests ## |1 TK_LIT_INT [12]
## GrupoK tests ## |3 TK_LIT_INT [78]


## GrupoK tests ## |tests/e1/2022_2/entrada_076
## GrupoK tests ## |
## GrupoK tests ## |Vou executar o comando 'timeout 1 ./etapa1 < tests/e1/2022_2/entrada_076 > /tmp/tmp.zNoKMgSQx6'
## GrupoK tests ## |Result tests/e1/2022_2/entrada_076 0 1
## GrupoK tests ## |Gerado
## GrupoK tests ## |1 TK_IDENTIFICADOR [id12]
## GrupoK tests ## |2 TK_LIT_INT [34]
## GrupoK tests ## |3 TK_LIT_FLOAT [56.78]
## GrupoK tests ## |Esperado
## GrupoK tests ## |1 TK_IDENTIFICADOR [id]
## GrupoK tests ## |1 TK_LIT_INT [12]
## GrupoK tests ## |2 TK_LIT_INT [34]
## GrupoK tests ## |3 TK_LIT_FLOAT [56.78]


## GrupoK tests ## |tests/e1/2022_2/entrada_078
## GrupoK tests ## |
## GrupoK tests ## |Vou executar o comando 'timeout 1 ./etapa1 < tests/e1/2022_2/entrada_078 > /tmp/tmp.HuaKeFCtEH'
## GrupoK tests ## |Result tests/e1/2022_2/entrada_078 0 1
## GrupoK tests ## |Gerado
## GrupoK tests ## |1 TK_ESPECIAL [%]
## GrupoK tests ## |<Token inválido com o código 124>
## GrupoK tests ## |Esperado
## GrupoK tests ## |1 TK_ESPECIAL [%]
## GrupoK tests ## |1 TK_ERRO [|]



## GrupoK tests ## |tests/e1/2022_2/entrada_079
## GrupoK tests ## |
## GrupoK tests ## |Vou executar o comando 'timeout 1 ./etapa1 < tests/e1/2022_2/entrada_079 > /tmp/tmp.zo2nMFhK2s'
## GrupoK tests ## |Result tests/e1/2022_2/entrada_079 0 1
## GrupoK tests ## |Gerado
## GrupoK tests ## |<Token inválido com o código 124>
## GrupoK tests ## |Esperado
## GrupoK tests ## |1 TK_ERRO [|]



## GrupoK tests ## |tests/e1/2022_2/entrada_080
## GrupoK tests ## |
## GrupoK tests ## |Vou executar o comando 'timeout 1 ./etapa1 < tests/e1/2022_2/entrada_080 > /tmp/tmp.4K8cxaR593'
## GrupoK tests ## |Result tests/e1/2022_2/entrada_080 0 1
## GrupoK tests ## |Gerado
## GrupoK tests ## |<Token inválido com o código 36>
## GrupoK tests ## |Esperado
## GrupoK tests ## |1 TK_ERRO [$]


## GrupoK tests ## |tests/e1/2022_2/entrada_089
## GrupoK tests ## |
## GrupoK tests ## |Vou executar o comando 'timeout 1 ./etapa1 < tests/e1/2022_2/entrada_089 > /tmp/tmp.RCzTQhHkHu'
## GrupoK tests ## |Result tests/e1/2022_2/entrada_089 0 1
## GrupoK tests ## |Gerado
## GrupoK tests ## |<Token inválido com o código 34>
## GrupoK tests ## |Esperado
## GrupoK tests ## |1 TK_ERRO ["]


## GrupoK tests ## |tests/e1/2022_2/entrada_090
## GrupoK tests ## |
## GrupoK tests ## |Vou executar o comando 'timeout 1 ./etapa1 < tests/e1/2022_2/entrada_090 > /tmp/tmp.SdQXPORlQx'
## GrupoK tests ## |Result tests/e1/2022_2/entrada_090 0 1
## GrupoK tests ## |Gerado
## GrupoK tests ## |1 TK_PR_FOR [for]
## GrupoK tests ## |1 TK_ESPECIAL [(]
## GrupoK tests ## |1 TK_PR_INT [int]
## GrupoK tests ## |1 TK_IDENTIFICADOR [i]
## GrupoK tests ## |1 TK_ESPECIAL [=]
## GrupoK tests ## |<Token inválido com o código 48>
## GrupoK tests ## |Esperado
## GrupoK tests ## |1 TK_PR_FOR [for]
## GrupoK tests ## |1 TK_ESPECIAL [(]
## GrupoK tests ## |1 TK_PR_INT [int]
## GrupoK tests ## |1 TK_IDENTIFICADOR [i]
## GrupoK tests ## |1 TK_ESPECIAL [=]
## GrupoK tests ## |1 TK_LIT_INT [0]
## GrupoK tests ## |1 TK_ESPECIAL [;]
## GrupoK tests ## |2 TK_IDENTIFICADOR [i]
## GrupoK tests ## |2 TK_ESPECIAL [<]
## GrupoK tests ## |2 TK_LIT_INT [10]
## GrupoK tests ## |2 TK_ESPECIAL [;]
## GrupoK tests ## |3 TK_ESPECIAL [+]
## GrupoK tests ## |3 TK_ESPECIAL [+]
## GrupoK tests ## |3 TK_IDENTIFICADOR [i]
## GrupoK tests ## |3 TK_ESPECIAL [)]
## GrupoK tests ## |3 TK_ESPECIAL [;]


## GrupoK tests ## |tests/e1/2022_2/entrada_093
## GrupoK tests ## |
## GrupoK tests ## |Vou executar o comando 'timeout 1 ./etapa1 < tests/e1/2022_2/entrada_093 > /tmp/tmp.edKm8lfjvv'
## GrupoK tests ## |Result tests/e1/2022_2/entrada_093 0 1
## GrupoK tests ## |Gerado
## GrupoK tests ## |<Token inválido com o código 34>
## GrupoK tests ## |Esperado
## GrupoK tests ## |1 TK_ERRO ["]


## GrupoK tests ## |tests/e1/2022_2/entrada_094
## GrupoK tests ## |
## GrupoK tests ## |Vou executar o comando 'timeout 1 ./etapa1 < tests/e1/2022_2/entrada_094 > /tmp/tmp.6ncZbs4kDJ'
## GrupoK tests ## |Result tests/e1/2022_2/entrada_094 0 1
## GrupoK tests ## |Gerado
## GrupoK tests ## |<Token inválido com o código 39>
## GrupoK tests ## |Esperado
## GrupoK tests ## |1 TK_ERRO [']


## GrupoK tests ## |tests/e1/2022_2/entrada_096
## GrupoK tests ## |
## GrupoK tests ## |Vou executar o comando 'timeout 1 ./etapa1 < tests/e1/2022_2/entrada_096 > /tmp/tmp.psR49Mawal'
## GrupoK tests ## |Result tests/e1/2022_2/entrada_096 0 1
## GrupoK tests ## |Gerado
## GrupoK tests ## |1 TK_LIT_INT [-3]
## GrupoK tests ## |2 TK_LIT_INT [+3]
## GrupoK tests ## |<Token inválido com o código 51>
## GrupoK tests ## |Esperado
## GrupoK tests ## |1 TK_LIT_INT [-3]
## GrupoK tests ## |2 TK_LIT_INT [+3]
## GrupoK tests ## |3 TK_LIT_INT [3]


## GrupoK tests ## |tests/e1/2022_2/entrada_097
## GrupoK tests ## |
## GrupoK tests ## |Vou executar o comando 'timeout 1 ./etapa1 < tests/e1/2022_2/entrada_097 > /tmp/tmp.92IUryEoHA'
## GrupoK tests ## |Result tests/e1/2022_2/entrada_097 0 1
## GrupoK tests ## |Gerado
## GrupoK tests ## |1 TK_ESPECIAL [-]
## GrupoK tests ## |1 TK_LIT_FLOAT [3.10]
## GrupoK tests ## |2 TK_ESPECIAL [+]
## GrupoK tests ## |2 TK_LIT_FLOAT [3.10]
## GrupoK tests ## |3 TK_LIT_FLOAT [3.10]
## GrupoK tests ## |Esperado
## GrupoK tests ## |1 TK_LIT_FLOAT [-3.10]
## GrupoK tests ## |2 TK_LIT_FLOAT [+3.10]
## GrupoK tests ## |3 TK_LIT_FLOAT [3.10]


## GrupoK tests ## |tests/e1/2022_2/entrada_098
## GrupoK tests ## |
## GrupoK tests ## |Vou executar o comando 'timeout 1 ./etapa1 < tests/e1/2022_2/entrada_098 > /tmp/tmp.QCPNPII5MR'
## GrupoK tests ## |Result tests/e1/2022_2/entrada_098 0 1
## GrupoK tests ## |Gerado
## GrupoK tests ## |1 TK_LIT_FLOAT [3.10]
## GrupoK tests ## |1 TK_IDENTIFICADOR [e]
## GrupoK tests ## |1 TK_ESPECIAL [-]
## GrupoK tests ## |<Token inválido com o código 50>
## GrupoK tests ## |Esperado
## GrupoK tests ## |1 TK_LIT_FLOAT [3.10e-2]
## GrupoK tests ## |2 TK_LIT_FLOAT [3.10e+2]
## GrupoK tests ## |3 TK_LIT_FLOAT [3.10e2]


## GrupoK tests ## |tests/e1/2022_2/entrada_099
## GrupoK tests ## |
## GrupoK tests ## |Vou executar o comando 'timeout 1 ./etapa1 < tests/e1/2022_2/entrada_099 > /tmp/tmp.prJHSkFAVU'
## GrupoK tests ## |Result tests/e1/2022_2/entrada_099 0 1
## GrupoK tests ## |Gerado
## GrupoK tests ## |1 TK_ESPECIAL [-]
## GrupoK tests ## |1 TK_LIT_FLOAT [3.10]
## GrupoK tests ## |1 TK_IDENTIFICADOR [e]
## GrupoK tests ## |1 TK_ESPECIAL [-]
## GrupoK tests ## |<Token inválido com o código 50>
## GrupoK tests ## |Esperado
## GrupoK tests ## |1 TK_LIT_FLOAT [-3.10e-2]
## GrupoK tests ## |2 TK_LIT_FLOAT [+3.10e+2]
## GrupoK tests ## |3 TK_LIT_FLOAT [3.10e2]


## GrupoK tests ## |tests/e1/2022_2/entrada_100
## GrupoK tests ## |
## GrupoK tests ## |Vou executar o comando 'timeout 1 ./etapa1 < tests/e1/2022_2/entrada_100 > /tmp/tmp.B8rL0l6R2F'
## GrupoK tests ## |Result tests/e1/2022_2/entrada_100 0 1
## GrupoK tests ## |Gerado
## GrupoK tests ## |<Token inválido com o código 51>
## GrupoK tests ## |Esperado
## GrupoK tests ## |1 TK_LIT_INT [3]
## GrupoK tests ## |1 TK_IDENTIFICADOR [e]
## GrupoK tests ## |1 TK_LIT_INT [10]


## GrupoK tests ## |tests/e1/2022_2/entrada_103
## GrupoK tests ## |
## GrupoK tests ## |Vou executar o comando 'timeout 1 ./etapa1 < tests/e1/2022_2/entrada_103 > /tmp/tmp.UKOqyxO6RL'
## GrupoK tests ## |Result tests/e1/2022_2/entrada_103 0 1
## GrupoK tests ## |Gerado
## GrupoK tests ## |1 TK_IDENTIFICADOR [func1]
## GrupoK tests ## |2 TK_IDENTIFICADOR [func_test]
## GrupoK tests ## |Esperado
## GrupoK tests ## |1 TK_IDENTIFICADOR [func]
## GrupoK tests ## |1 TK_LIT_INT [1]
## GrupoK tests ## |2 TK_IDENTIFICADOR [func]
## GrupoK tests ## |2 TK_ERRO [_]


## GrupoK tests ## |tests/e1/2022_2/entrada_104
## GrupoK tests ## |
## GrupoK tests ## |Vou executar o comando 'timeout 1 ./etapa1 < tests/e1/2022_2/entrada_104 > /tmp/tmp.NHn7Edm2e6'
## GrupoK tests ## |Result tests/e1/2022_2/entrada_104 0 1
## GrupoK tests ## |Gerado
## GrupoK tests ## |1 TK_LIT_FLOAT [3.2]
## GrupoK tests ## |1 TK_IDENTIFICADOR [E10]
## GrupoK tests ## |Esperado
## GrupoK tests ## |1 TK_LIT_FLOAT [3.2E10]
